{"numFailedTestSuites":1,"numFailedTests":0,"numPassedTestSuites":0,"numPassedTests":0,"numPendingTestSuites":0,"numPendingTests":0,"numRuntimeErrorTestSuites":1,"numTodoTests":0,"numTotalTestSuites":1,"numTotalTests":0,"openHandles":[],"snapshot":{"added":0,"didUpdate":false,"failure":false,"filesAdded":0,"filesRemoved":0,"filesRemovedList":[],"filesUnmatched":0,"filesUpdated":0,"matched":0,"total":0,"unchecked":0,"uncheckedKeysByFile":[],"unmatched":0,"updated":0},"startTime":1757963399423,"success":false,"testResults":[{"assertionResults":[],"coverage":{},"endTime":1757963404921,"message":"  \u001b[1m● \u001b[22mTest suite failed to run\n\n    \u001b[96mdemo/App.tsx\u001b[0m:\u001b[93m280\u001b[0m:\u001b[93m13\u001b[0m - \u001b[91merror\u001b[0m\u001b[90m TS2322: \u001b[0mType '{ ref: MutableRefObject<any>; theme: \"midnight\" | \"classic\"; fen: string | undefined; onMove: ({ from, to, fen }: { from: \"a1\" | \"a2\" | \"a3\" | \"a4\" | \"a5\" | \"a6\" | \"a7\" | \"a8\" | \"b1\" | ... 54 more ... | \"h8\"; to: \"a1\" | ... 62 more ... | \"h8\"; fen: string; }) => void; ... 7 more ...; highlightLegal: boolean; }' is not assignable to type 'IntrinsicAttributes & NeoChessProps'.\n      Property 'ref' does not exist on type 'IntrinsicAttributes & NeoChessProps'.\n\n    \u001b[7m280\u001b[0m             ref={boardRef}\n    \u001b[7m   \u001b[0m \u001b[91m            ~~~\u001b[0m\n    \u001b[96mdemo/App.tsx\u001b[0m:\u001b[93m308\u001b[0m:\u001b[93m36\u001b[0m - \u001b[91merror\u001b[0m\u001b[90m TS2339: \u001b[0mProperty 'optionGrid' does not exist on type '{ readonly container: string; readonly boardSection: string; readonly header: string; readonly title: string; readonly themeInfo: string; readonly themeButtons: string; readonly themeButton: string; ... 28 more ...; readonly infoBox: string; }'.\n\n    \u001b[7m308\u001b[0m             <div className={styles.optionGrid}>\n    \u001b[7m   \u001b[0m \u001b[91m                                   ~~~~~~~~~~\u001b[0m\n    \u001b[96mdemo/App.tsx\u001b[0m:\u001b[93m310\u001b[0m:\u001b[93m38\u001b[0m - \u001b[91merror\u001b[0m\u001b[90m TS2339: \u001b[0mProperty 'optionButton' does not exist on type '{ readonly container: string; readonly boardSection: string; readonly header: string; readonly title: string; readonly themeInfo: string; readonly themeButtons: string; readonly themeButton: string; ... 28 more ...; readonly infoBox: string; }'.\n\n    \u001b[7m310\u001b[0m                 className={`${styles.optionButton} ${boardOptions.showArrows ? styles.optionActive : ''}`}\n    \u001b[7m   \u001b[0m \u001b[91m                                     ~~~~~~~~~~~~\u001b[0m\n    \u001b[96mdemo/App.tsx\u001b[0m:\u001b[93m310\u001b[0m:\u001b[93m87\u001b[0m - \u001b[91merror\u001b[0m\u001b[90m TS2339: \u001b[0mProperty 'optionActive' does not exist on type '{ readonly container: string; readonly boardSection: string; readonly header: string; readonly title: string; readonly themeInfo: string; readonly themeButtons: string; readonly themeButton: string; ... 28 more ...; readonly infoBox: string; }'.\n\n    \u001b[7m310\u001b[0m                 className={`${styles.optionButton} ${boardOptions.showArrows ? styles.optionActive : ''}`}\n    \u001b[7m   \u001b[0m \u001b[91m                                                                                      ~~~~~~~~~~~~\u001b[0m\n    \u001b[96mdemo/App.tsx\u001b[0m:\u001b[93m317\u001b[0m:\u001b[93m38\u001b[0m - \u001b[91merror\u001b[0m\u001b[90m TS2339: \u001b[0mProperty 'optionButton' does not exist on type '{ readonly container: string; readonly boardSection: string; readonly header: string; readonly title: string; readonly themeInfo: string; readonly themeButtons: string; readonly themeButton: string; ... 28 more ...; readonly infoBox: string; }'.\n\n    \u001b[7m317\u001b[0m                 className={`${styles.optionButton} ${boardOptions.showHighlights ? styles.optionActive : ''}`}\n    \u001b[7m   \u001b[0m \u001b[91m                                     ~~~~~~~~~~~~\u001b[0m\n    \u001b[96mdemo/App.tsx\u001b[0m:\u001b[93m317\u001b[0m:\u001b[93m91\u001b[0m - \u001b[91merror\u001b[0m\u001b[90m TS2339: \u001b[0mProperty 'optionActive' does not exist on type '{ readonly container: string; readonly boardSection: string; readonly header: string; readonly title: string; readonly themeInfo: string; readonly themeButtons: string; readonly themeButton: string; ... 28 more ...; readonly infoBox: string; }'.\n\n    \u001b[7m317\u001b[0m                 className={`${styles.optionButton} ${boardOptions.showHighlights ? styles.optionActive : ''}`}\n    \u001b[7m   \u001b[0m \u001b[91m                                                                                          ~~~~~~~~~~~~\u001b[0m\n    \u001b[96mdemo/App.tsx\u001b[0m:\u001b[93m324\u001b[0m:\u001b[93m38\u001b[0m - \u001b[91merror\u001b[0m\u001b[90m TS2339: \u001b[0mProperty 'optionButton' does not exist on type '{ readonly container: string; readonly boardSection: string; readonly header: string; readonly title: string; readonly themeInfo: string; readonly themeButtons: string; readonly themeButton: string; ... 28 more ...; readonly infoBox: string; }'.\n\n    \u001b[7m324\u001b[0m                 className={`${styles.optionButton} ${boardOptions.allowPremoves ? styles.optionActive : ''}`}\n    \u001b[7m   \u001b[0m \u001b[91m                                     ~~~~~~~~~~~~\u001b[0m\n    \u001b[96mdemo/App.tsx\u001b[0m:\u001b[93m324\u001b[0m:\u001b[93m90\u001b[0m - \u001b[91merror\u001b[0m\u001b[90m TS2339: \u001b[0mProperty 'optionActive' does not exist on type '{ readonly container: string; readonly boardSection: string; readonly header: string; readonly title: string; readonly themeInfo: string; readonly themeButtons: string; readonly themeButton: string; ... 28 more ...; readonly infoBox: string; }'.\n\n    \u001b[7m324\u001b[0m                 className={`${styles.optionButton} ${boardOptions.allowPremoves ? styles.optionActive : ''}`}\n    \u001b[7m   \u001b[0m \u001b[91m                                                                                         ~~~~~~~~~~~~\u001b[0m\n    \u001b[96mdemo/App.tsx\u001b[0m:\u001b[93m331\u001b[0m:\u001b[93m38\u001b[0m - \u001b[91merror\u001b[0m\u001b[90m TS2339: \u001b[0mProperty 'optionButton' does not exist on type '{ readonly container: string; readonly boardSection: string; readonly header: string; readonly title: string; readonly themeInfo: string; readonly themeButtons: string; readonly themeButton: string; ... 28 more ...; readonly infoBox: string; }'.\n\n    \u001b[7m331\u001b[0m                 className={`${styles.optionButton} ${boardOptions.showSquareNames ? styles.optionActive : ''}`}\n    \u001b[7m   \u001b[0m \u001b[91m                                     ~~~~~~~~~~~~\u001b[0m\n    \u001b[96mdemo/App.tsx\u001b[0m:\u001b[93m331\u001b[0m:\u001b[93m92\u001b[0m - \u001b[91merror\u001b[0m\u001b[90m TS2339: \u001b[0mProperty 'optionActive' does not exist on type '{ readonly container: string; readonly boardSection: string; readonly header: string; readonly title: string; readonly themeInfo: string; readonly themeButtons: string; readonly themeButton: string; ... 28 more ...; readonly infoBox: string; }'.\n\n    \u001b[7m331\u001b[0m                 className={`${styles.optionButton} ${boardOptions.showSquareNames ? styles.optionActive : ''}`}\n    \u001b[7m   \u001b[0m \u001b[91m                                                                                           ~~~~~~~~~~~~\u001b[0m\n    \u001b[96mdemo/App.tsx\u001b[0m:\u001b[93m338\u001b[0m:\u001b[93m38\u001b[0m - \u001b[91merror\u001b[0m\u001b[90m TS2339: \u001b[0mProperty 'optionButton' does not exist on type '{ readonly container: string; readonly boardSection: string; readonly header: string; readonly title: string; readonly themeInfo: string; readonly themeButtons: string; readonly themeButton: string; ... 28 more ...; readonly infoBox: string; }'.\n\n    \u001b[7m338\u001b[0m                 className={`${styles.optionButton} ${boardOptions.soundEnabled ? styles.optionActive : ''}`}\n    \u001b[7m   \u001b[0m \u001b[91m                                     ~~~~~~~~~~~~\u001b[0m\n    \u001b[96mdemo/App.tsx\u001b[0m:\u001b[93m338\u001b[0m:\u001b[93m89\u001b[0m - \u001b[91merror\u001b[0m\u001b[90m TS2339: \u001b[0mProperty 'optionActive' does not exist on type '{ readonly container: string; readonly boardSection: string; readonly header: string; readonly title: string; readonly themeInfo: string; readonly themeButtons: string; readonly themeButton: string; ... 28 more ...; readonly infoBox: string; }'.\n\n    \u001b[7m338\u001b[0m                 className={`${styles.optionButton} ${boardOptions.soundEnabled ? styles.optionActive : ''}`}\n    \u001b[7m   \u001b[0m \u001b[91m                                                                                        ~~~~~~~~~~~~\u001b[0m\n    \u001b[96mdemo/App.tsx\u001b[0m:\u001b[93m345\u001b[0m:\u001b[93m38\u001b[0m - \u001b[91merror\u001b[0m\u001b[90m TS2339: \u001b[0mProperty 'optionButton' does not exist on type '{ readonly container: string; readonly boardSection: string; readonly header: string; readonly title: string; readonly themeInfo: string; readonly themeButtons: string; readonly themeButton: string; ... 28 more ...; readonly infoBox: string; }'.\n\n    \u001b[7m345\u001b[0m                 className={`${styles.optionButton} ${boardOptions.highlightLegal ? styles.optionActive : ''}`}\n    \u001b[7m   \u001b[0m \u001b[91m                                     ~~~~~~~~~~~~\u001b[0m\n    \u001b[96mdemo/App.tsx\u001b[0m:\u001b[93m345\u001b[0m:\u001b[93m91\u001b[0m - \u001b[91merror\u001b[0m\u001b[90m TS2339: \u001b[0mProperty 'optionActive' does not exist on type '{ readonly container: string; readonly boardSection: string; readonly header: string; readonly title: string; readonly themeInfo: string; readonly themeButtons: string; readonly themeButton: string; ... 28 more ...; readonly infoBox: string; }'.\n\n    \u001b[7m345\u001b[0m                 className={`${styles.optionButton} ${boardOptions.highlightLegal ? styles.optionActive : ''}`}\n    \u001b[7m   \u001b[0m \u001b[91m                                                                                          ~~~~~~~~~~~~\u001b[0m\n    \u001b[96mdemo/App.tsx\u001b[0m:\u001b[93m351\u001b[0m:\u001b[93m41\u001b[0m - \u001b[91merror\u001b[0m\u001b[90m TS2339: \u001b[0mProperty 'optionButton' does not exist on type '{ readonly container: string; readonly boardSection: string; readonly header: string; readonly title: string; readonly themeInfo: string; readonly themeButtons: string; readonly themeButton: string; ... 28 more ...; readonly infoBox: string; }'.\n\n    \u001b[7m351\u001b[0m               <button className={styles.optionButton} onClick={toggleOrientation}>\n    \u001b[7m   \u001b[0m \u001b[91m                                        ~~~~~~~~~~~~\u001b[0m\n    \u001b[96mdemo/App.tsx\u001b[0m:\u001b[93m355\u001b[0m:\u001b[93m41\u001b[0m - \u001b[91merror\u001b[0m\u001b[90m TS2339: \u001b[0mProperty 'optionButton' does not exist on type '{ readonly container: string; readonly boardSection: string; readonly header: string; readonly title: string; readonly themeInfo: string; readonly themeButtons: string; readonly themeButton: string; ... 28 more ...; readonly infoBox: string; }'.\n\n    \u001b[7m355\u001b[0m               <button className={styles.optionButton} onClick={addRandomArrow}>\n    \u001b[7m   \u001b[0m \u001b[91m                                        ~~~~~~~~~~~~\u001b[0m\n    \u001b[96mdemo/App.tsx\u001b[0m:\u001b[93m359\u001b[0m:\u001b[93m41\u001b[0m - \u001b[91merror\u001b[0m\u001b[90m TS2339: \u001b[0mProperty 'optionButton' does not exist on type '{ readonly container: string; readonly boardSection: string; readonly header: string; readonly title: string; readonly themeInfo: string; readonly themeButtons: string; readonly themeButton: string; ... 28 more ...; readonly infoBox: string; }'.\n\n    \u001b[7m359\u001b[0m               <button className={styles.optionButton} onClick={addRandomHighlight}>\n    \u001b[7m   \u001b[0m \u001b[91m                                        ~~~~~~~~~~~~\u001b[0m\n    \u001b[96mdemo/App.tsx\u001b[0m:\u001b[93m364\u001b[0m:\u001b[93m35\u001b[0m - \u001b[91merror\u001b[0m\u001b[90m TS2339: \u001b[0mProperty 'optionButton' does not exist on type '{ readonly container: string; readonly boardSection: string; readonly header: string; readonly title: string; readonly themeInfo: string; readonly themeButtons: string; readonly themeButton: string; ... 28 more ...; readonly infoBox: string; }'.\n\n    \u001b[7m364\u001b[0m                 className={styles.optionButton}\n    \u001b[7m   \u001b[0m \u001b[91m                                  ~~~~~~~~~~~~\u001b[0m\n","name":"C:\\Users\\delph\\Documents\\GitHub\\Neo-Chess-Board-Ts-Library\\tests\\demo\\App.test.tsx","startTime":1757963404921,"status":"failed","summary":""}],"wasInterrupted":false}
